<?xml version="1.0" encoding="UTF-8"?>
<testng-results total="1" passed="1" failed="0" skipped="0">
  <reporter-output>
  </reporter-output>
  <suite started-at="2020-05-11T09:36:33Z" name="Default suite" finished-at="2020-05-11T09:39:22Z" duration-ms="169282">
    <groups>
    </groups>
    <test started-at="2020-05-11T09:36:33Z" name="Default test" finished-at="2020-05-11T09:39:22Z" duration-ms="169282">
      <class name="TestCases.Screenshotandextreport">
        <test-method is-config="true" signature="extreppath()[pri:0, instance:TestCases.Screenshotandextreport@57cf54e1]" started-at="2020-05-11T19:36:33Z" name="extreppath" finished-at="2020-05-11T19:36:34Z" duration-ms="959" status="PASS">
          <reporter-output>
          </reporter-output>
        </test-method> <!-- extreppath -->
        <test-method signature="launchweb()[pri:0, instance:TestCases.Screenshotandextreport@57cf54e1]" started-at="2020-05-11T19:36:34Z" name="launchweb" finished-at="2020-05-11T19:37:59Z" duration-ms="84737" status="PASS">
          <reporter-output>
          </reporter-output>
        </test-method> <!-- launchweb -->
        <test-method is-config="true" signature="endrep()[pri:0, instance:TestCases.Screenshotandextreport@57cf54e1]" started-at="2020-05-11T19:37:59Z" name="endrep" finished-at="2020-05-11T19:38:01Z" duration-ms="2095" status="PASS">
          <reporter-output>
          </reporter-output>
        </test-method> <!-- endrep -->
        <test-method is-config="true" signature="verifyserchbox()[pri:0, instance:TestCases.Screenshotandextreport@57cf54e1]" started-at="2020-05-11T19:38:01Z" name="verifyserchbox" finished-at="2020-05-11T19:39:22Z" duration-ms="81361" status="PASS">
          <reporter-output>
          </reporter-output>
        </test-method> <!-- verifyserchbox -->
      </class> <!-- TestCases.Screenshotandextreport -->
    </test> <!-- Default test -->
  </suite> <!-- Default suite -->
</testng-results>
