<?xml version="1.0" encoding="UTF-8"?>
<testng-results total="4" passed="4" failed="0" skipped="0">
  <reporter-output>
  </reporter-output>
  <suite started-at="2020-05-16T10:05:22Z" name="Default suite" finished-at="2020-05-16T10:07:57Z" duration-ms="154560">
    <groups>
    </groups>
    <test started-at="2020-05-16T10:05:22Z" name="Default test" finished-at="2020-05-16T10:07:57Z" duration-ms="154560">
      <class name="extRepScrShot">
        <test-method is-config="true" signature="createpath()[pri:0, instance:extRepScrShot@316bcf94]" started-at="2020-05-16T20:05:22Z" name="createpath" finished-at="2020-05-16T20:05:23Z" duration-ms="470" status="PASS">
          <reporter-output>
          </reporter-output>
        </test-method> <!-- createpath -->
        <test-method is-config="true" signature="URL()[pri:0, instance:extRepScrShot@316bcf94]" started-at="2020-05-16T20:05:23Z" name="URL" finished-at="2020-05-16T20:06:01Z" duration-ms="38205" status="PASS">
          <reporter-output>
          </reporter-output>
        </test-method> <!-- URL -->
        <test-method signature="VerifySearchbox()[pri:0, instance:extRepScrShot@316bcf94]" started-at="2020-05-16T20:06:01Z" name="VerifySearchbox" finished-at="2020-05-16T20:06:07Z" duration-ms="6519" status="PASS">
          <reporter-output>
          </reporter-output>
        </test-method> <!-- VerifySearchbox -->
        <test-method is-config="true" signature="closebrowser()[pri:0, instance:extRepScrShot@316bcf94]" started-at="2020-05-16T20:06:07Z" name="closebrowser" finished-at="2020-05-16T20:06:12Z" duration-ms="4691" status="PASS">
          <reporter-output>
          </reporter-output>
        </test-method> <!-- closebrowser -->
        <test-method is-config="true" signature="URL()[pri:0, instance:extRepScrShot@316bcf94]" started-at="2020-05-16T20:06:12Z" name="URL" finished-at="2020-05-16T20:06:32Z" duration-ms="19598" status="PASS">
          <reporter-output>
          </reporter-output>
        </test-method> <!-- URL -->
        <test-method signature="contactus()[pri:0, instance:extRepScrShot@316bcf94]" started-at="2020-05-16T20:06:32Z" name="contactus" finished-at="2020-05-16T20:06:54Z" duration-ms="21927" status="PASS">
          <reporter-output>
          </reporter-output>
        </test-method> <!-- contactus -->
        <test-method is-config="true" signature="closebrowser()[pri:0, instance:extRepScrShot@316bcf94]" started-at="2020-05-16T20:06:54Z" name="closebrowser" finished-at="2020-05-16T20:06:58Z" duration-ms="4535" status="PASS">
          <reporter-output>
          </reporter-output>
        </test-method> <!-- closebrowser -->
        <test-method is-config="true" signature="URL()[pri:0, instance:extRepScrShot@316bcf94]" started-at="2020-05-16T20:06:58Z" name="URL" finished-at="2020-05-16T20:07:17Z" duration-ms="19041" status="PASS">
          <reporter-output>
          </reporter-output>
        </test-method> <!-- URL -->
        <test-method signature="verifyCompareusTab()[pri:0, instance:extRepScrShot@316bcf94]" started-at="2020-05-16T20:07:17Z" name="verifyCompareusTab" finished-at="2020-05-16T20:07:28Z" duration-ms="10714" status="PASS">
          <reporter-output>
          </reporter-output>
        </test-method> <!-- verifyCompareusTab -->
        <test-method is-config="true" signature="closebrowser()[pri:0, instance:extRepScrShot@316bcf94]" started-at="2020-05-16T20:07:28Z" name="closebrowser" finished-at="2020-05-16T20:07:29Z" duration-ms="766" status="PASS">
          <reporter-output>
          </reporter-output>
        </test-method> <!-- closebrowser -->
        <test-method is-config="true" signature="URL()[pri:0, instance:extRepScrShot@316bcf94]" started-at="2020-05-16T20:07:29Z" name="URL" finished-at="2020-05-16T20:07:46Z" duration-ms="17806" status="PASS">
          <reporter-output>
          </reporter-output>
        </test-method> <!-- URL -->
        <test-method signature="verifyURLLaunch()[pri:0, instance:extRepScrShot@316bcf94]" started-at="2020-05-16T20:07:46Z" name="verifyURLLaunch" finished-at="2020-05-16T20:07:55Z" duration-ms="8364" status="PASS">
          <reporter-output>
          </reporter-output>
        </test-method> <!-- verifyURLLaunch -->
        <test-method is-config="true" signature="closebrowser()[pri:0, instance:extRepScrShot@316bcf94]" started-at="2020-05-16T20:07:55Z" name="closebrowser" finished-at="2020-05-16T20:07:56Z" duration-ms="723" status="PASS">
          <reporter-output>
          </reporter-output>
        </test-method> <!-- closebrowser -->
        <test-method is-config="true" signature="generateRep()[pri:0, instance:extRepScrShot@316bcf94]" started-at="2020-05-16T20:07:56Z" name="generateRep" finished-at="2020-05-16T20:07:57Z" duration-ms="1118" status="PASS">
          <reporter-output>
          </reporter-output>
        </test-method> <!-- generateRep -->
      </class> <!-- extRepScrShot -->
    </test> <!-- Default test -->
  </suite> <!-- Default suite -->
</testng-results>
