<?xml version="1.0" encoding="UTF-8"?>
<!-- Generated by org.testng.reporters.JUnitXMLReporter -->
<testsuite hostname="LAPTOP-0MJRDEEN" failures="0" tests="4" name="Default test" time="154.56" errors="0" timestamp="16 May 2020 10:07:57 GMT">
  <testcase classname="extRepScrShot" name="VerifySearchbox" time="6.519"/>
  <testcase classname="extRepScrShot" name="contactus" time="21.927"/>
  <testcase classname="extRepScrShot" name="verifyCompareusTab" time="10.714"/>
  <testcase classname="extRepScrShot" name="verifyURLLaunch" time="8.364"/>
</testsuite> <!-- Default test -->
